<?xml version="1.0" encoding="UTF-8"?>
<testsuite xmlns:xsi="http://www.w3.org/2001/XMLSchema-instance" xsi:noNamespaceSchemaLocation="https://maven.apache.org/surefire/maven-surefire-plugin/xsd/surefire-test-report-3.0.xsd" version="3.0" name="TestSuite" time="248.238" tests="70" errors="0" skipped="0" failures="11">
  <properties>
    <property name="sun.desktop" value="windows"/>
    <property name="awt.toolkit" value="sun.awt.windows.WToolkit"/>
    <property name="java.specification.version" value="11"/>
    <property name="sun.cpu.isalist" value="amd64"/>
    <property name="sun.jnu.encoding" value="Cp1252"/>
    <property name="java.class.path" value="C:\Projects\Project X\ApiAutomation\target\test-classes;C:\Projects\Project X\ApiAutomation\target\classes;C:\Users\gvenkatesh\.m2\repository\io\rest-assured\spring-mock-mvc-kotlin-extensions\4.2.0\spring-mock-mvc-kotlin-extensions-4.2.0.jar;C:\Users\gvenkatesh\.m2\repository\org\jetbrains\kotlin\kotlin-stdlib-jdk8\1.3.50\kotlin-stdlib-jdk8-1.3.50.jar;C:\Users\gvenkatesh\.m2\repository\org\jetbrains\kotlin\kotlin-stdlib\1.3.50\kotlin-stdlib-1.3.50.jar;C:\Users\gvenkatesh\.m2\repository\org\jetbrains\kotlin\kotlin-stdlib-common\1.3.50\kotlin-stdlib-common-1.3.50.jar;C:\Users\gvenkatesh\.m2\repository\org\jetbrains\annotations\13.0\annotations-13.0.jar;C:\Users\gvenkatesh\.m2\repository\org\jetbrains\kotlin\kotlin-stdlib-jdk7\1.3.50\kotlin-stdlib-jdk7-1.3.50.jar;C:\Users\gvenkatesh\.m2\repository\io\rest-assured\spring-mock-mvc\4.2.0\spring-mock-mvc-4.2.0.jar;C:\Users\gvenkatesh\.m2\repository\io\rest-assured\rest-assured\4.2.0\rest-assured-4.2.0.jar;C:\Users\gvenkatesh\.m2\repository\org\codehaus\groovy\groovy\2.5.8\groovy-2.5.8.jar;C:\Users\gvenkatesh\.m2\repository\org\codehaus\groovy\groovy-xml\2.5.8\groovy-xml-2.5.8.jar;C:\Users\gvenkatesh\.m2\repository\org\hamcrest\hamcrest\2.1\hamcrest-2.1.jar;C:\Users\gvenkatesh\.m2\repository\org\ccil\cowan\tagsoup\tagsoup\1.2.1\tagsoup-1.2.1.jar;C:\Users\gvenkatesh\.m2\repository\io\rest-assured\json-path\4.2.0\json-path-4.2.0.jar;C:\Users\gvenkatesh\.m2\repository\org\codehaus\groovy\groovy-json\2.5.8\groovy-json-2.5.8.jar;C:\Users\gvenkatesh\.m2\repository\io\rest-assured\rest-assured-common\4.2.0\rest-assured-common-4.2.0.jar;C:\Users\gvenkatesh\.m2\repository\io\rest-assured\xml-path\4.2.0\xml-path-4.2.0.jar;C:\Users\gvenkatesh\.m2\repository\org\apache\commons\commons-lang3\3.4\commons-lang3-3.4.jar;C:\Users\gvenkatesh\.m2\repository\jakarta\xml\bind\jakarta.xml.bind-api\2.3.2\jakarta.xml.bind-api-2.3.2.jar;C:\Users\gvenkatesh\.m2\repository\jakarta\activation\jakarta.activation-api\1.2.1\jakarta.activation-api-1.2.1.jar;C:\Users\gvenkatesh\.m2\repository\com\sun\xml\bind\jaxb-osgi\2.3.0.1\jaxb-osgi-2.3.0.1.jar;C:\Users\gvenkatesh\.m2\repository\org\apache\sling\org.apache.sling.javax.activation\0.1.0\org.apache.sling.javax.activation-0.1.0.jar;C:\Users\gvenkatesh\.m2\repository\javax\activation\activation\1.1.1\activation-1.1.1.jar;C:\Users\gvenkatesh\.m2\repository\io\rest-assured\spring-commons\4.2.0\spring-commons-4.2.0.jar;C:\Users\gvenkatesh\.m2\repository\org\springframework\spring-test\4.3.23.RELEASE\spring-test-4.3.23.RELEASE.jar;C:\Users\gvenkatesh\.m2\repository\org\springframework\spring-core\4.3.23.RELEASE\spring-core-4.3.23.RELEASE.jar;C:\Users\gvenkatesh\.m2\repository\org\springframework\spring-webmvc\4.3.23.RELEASE\spring-webmvc-4.3.23.RELEASE.jar;C:\Users\gvenkatesh\.m2\repository\org\springframework\spring-aop\4.3.23.RELEASE\spring-aop-4.3.23.RELEASE.jar;C:\Users\gvenkatesh\.m2\repository\org\springframework\spring-beans\4.3.23.RELEASE\spring-beans-4.3.23.RELEASE.jar;C:\Users\gvenkatesh\.m2\repository\org\springframework\spring-context\4.3.23.RELEASE\spring-context-4.3.23.RELEASE.jar;C:\Users\gvenkatesh\.m2\repository\org\springframework\spring-expression\4.3.23.RELEASE\spring-expression-4.3.23.RELEASE.jar;C:\Users\gvenkatesh\.m2\repository\org\springframework\spring-web\4.3.23.RELEASE\spring-web-4.3.23.RELEASE.jar;C:\Users\gvenkatesh\.m2\repository\org\testng\testng\6.9.8\testng-6.9.8.jar;C:\Users\gvenkatesh\.m2\repository\org\beanshell\bsh\2.0b4\bsh-2.0b4.jar;C:\Users\gvenkatesh\.m2\repository\com\beust\jcommander\1.48\jcommander-1.48.jar;C:\Users\gvenkatesh\.m2\repository\com\googlecode\json-simple\json-simple\1.1.1\json-simple-1.1.1.jar;C:\Users\gvenkatesh\.m2\repository\junit\junit\4.10\junit-4.10.jar;C:\Users\gvenkatesh\.m2\repository\org\hamcrest\hamcrest-core\1.1\hamcrest-core-1.1.jar;C:\Users\gvenkatesh\.m2\repository\com\aventstack\extentreports\3.1.5\extentreports-3.1.5.jar;C:\Users\gvenkatesh\.m2\repository\org\freemarker\freemarker\2.3.23\freemarker-2.3.23.jar;C:\Users\gvenkatesh\.m2\repository\org\mongodb\mongodb-driver\3.3.0\mongodb-driver-3.3.0.jar;C:\Users\gvenkatesh\.m2\repository\org\mongodb\bson\3.3.0\bson-3.3.0.jar;C:\Users\gvenkatesh\.m2\repository\org\mongodb\mongodb-driver-core\3.3.0\mongodb-driver-core-3.3.0.jar;C:\Users\gvenkatesh\.m2\repository\org\apache\httpcomponents\httpclient\4.5.2\httpclient-4.5.2.jar;C:\Users\gvenkatesh\.m2\repository\org\apache\httpcomponents\httpcore\4.4.4\httpcore-4.4.4.jar;C:\Users\gvenkatesh\.m2\repository\commons-logging\commons-logging\1.2\commons-logging-1.2.jar;C:\Users\gvenkatesh\.m2\repository\org\apache\httpcomponents\httpmime\4.5.2\httpmime-4.5.2.jar;C:\Users\gvenkatesh\.m2\repository\org\jsoup\jsoup\1.9.2\jsoup-1.9.2.jar;C:\Users\gvenkatesh\.m2\repository\com\google\code\gson\gson\2.8.0\gson-2.8.0.jar;C:\Users\gvenkatesh\.m2\repository\commons-net\commons-net\3.6\commons-net-3.6.jar;C:\Users\gvenkatesh\.m2\repository\org\apache\poi\poi\4.1.1\poi-4.1.1.jar;C:\Users\gvenkatesh\.m2\repository\commons-codec\commons-codec\1.13\commons-codec-1.13.jar;C:\Users\gvenkatesh\.m2\repository\org\apache\commons\commons-collections4\4.4\commons-collections4-4.4.jar;C:\Users\gvenkatesh\.m2\repository\org\apache\commons\commons-math3\3.6.1\commons-math3-3.6.1.jar;C:\Users\gvenkatesh\.m2\repository\org\apache\poi\poi-ooxml\4.1.1\poi-ooxml-4.1.1.jar;C:\Users\gvenkatesh\.m2\repository\org\apache\commons\commons-compress\1.19\commons-compress-1.19.jar;C:\Users\gvenkatesh\.m2\repository\com\github\virtuald\curvesapi\1.06\curvesapi-1.06.jar;C:\Users\gvenkatesh\.m2\repository\org\apache\poi\poi-ooxml-schemas\4.1.1\poi-ooxml-schemas-4.1.1.jar;C:\Users\gvenkatesh\.m2\repository\org\apache\xmlbeans\xmlbeans\3.1.0\xmlbeans-3.1.0.jar;"/>
    <property name="java.vm.vendor" value="JetBrains s.r.o"/>
    <property name="sun.arch.data.model" value="64"/>
    <property name="user.variant" value=""/>
    <property name="java.vendor.url" value="https://www.jetbrains.com/"/>
    <property name="user.timezone" value="Europe/London"/>
    <property name="java.vm.specification.version" value="11"/>
    <property name="os.name" value="Windows 10"/>
    <property name="sun.java.launcher" value="SUN_STANDARD"/>
    <property name="user.country" value="GB"/>
    <property name="sun.boot.library.path" value="C:\Program Files\JetBrains\IntelliJ IDEA Community Edition 2019.2.2\jbr\bin"/>
    <property name="sun.java.command" value="C:\Users\gvenkatesh\AppData\Local\Temp\surefire6050317555900363947\surefirebooter3101845370005591388.jar C:\Users\gvenkatesh\AppData\Local\Temp\surefire6050317555900363947 2020-03-02T13-42-34_885-jvmRun1 surefire9781357110833942237tmp surefire_017920467980729460063tmp"/>
    <property name="jdk.debug" value="release"/>
    <property name="surefire.test.class.path" value="C:\Projects\Project X\ApiAutomation\target\test-classes;C:\Projects\Project X\ApiAutomation\target\classes;C:\Users\gvenkatesh\.m2\repository\io\rest-assured\spring-mock-mvc-kotlin-extensions\4.2.0\spring-mock-mvc-kotlin-extensions-4.2.0.jar;C:\Users\gvenkatesh\.m2\repository\org\jetbrains\kotlin\kotlin-stdlib-jdk8\1.3.50\kotlin-stdlib-jdk8-1.3.50.jar;C:\Users\gvenkatesh\.m2\repository\org\jetbrains\kotlin\kotlin-stdlib\1.3.50\kotlin-stdlib-1.3.50.jar;C:\Users\gvenkatesh\.m2\repository\org\jetbrains\kotlin\kotlin-stdlib-common\1.3.50\kotlin-stdlib-common-1.3.50.jar;C:\Users\gvenkatesh\.m2\repository\org\jetbrains\annotations\13.0\annotations-13.0.jar;C:\Users\gvenkatesh\.m2\repository\org\jetbrains\kotlin\kotlin-stdlib-jdk7\1.3.50\kotlin-stdlib-jdk7-1.3.50.jar;C:\Users\gvenkatesh\.m2\repository\io\rest-assured\spring-mock-mvc\4.2.0\spring-mock-mvc-4.2.0.jar;C:\Users\gvenkatesh\.m2\repository\io\rest-assured\rest-assured\4.2.0\rest-assured-4.2.0.jar;C:\Users\gvenkatesh\.m2\repository\org\codehaus\groovy\groovy\2.5.8\groovy-2.5.8.jar;C:\Users\gvenkatesh\.m2\repository\org\codehaus\groovy\groovy-xml\2.5.8\groovy-xml-2.5.8.jar;C:\Users\gvenkatesh\.m2\repository\org\hamcrest\hamcrest\2.1\hamcrest-2.1.jar;C:\Users\gvenkatesh\.m2\repository\org\ccil\cowan\tagsoup\tagsoup\1.2.1\tagsoup-1.2.1.jar;C:\Users\gvenkatesh\.m2\repository\io\rest-assured\json-path\4.2.0\json-path-4.2.0.jar;C:\Users\gvenkatesh\.m2\repository\org\codehaus\groovy\groovy-json\2.5.8\groovy-json-2.5.8.jar;C:\Users\gvenkatesh\.m2\repository\io\rest-assured\rest-assured-common\4.2.0\rest-assured-common-4.2.0.jar;C:\Users\gvenkatesh\.m2\repository\io\rest-assured\xml-path\4.2.0\xml-path-4.2.0.jar;C:\Users\gvenkatesh\.m2\repository\org\apache\commons\commons-lang3\3.4\commons-lang3-3.4.jar;C:\Users\gvenkatesh\.m2\repository\jakarta\xml\bind\jakarta.xml.bind-api\2.3.2\jakarta.xml.bind-api-2.3.2.jar;C:\Users\gvenkatesh\.m2\repository\jakarta\activation\jakarta.activation-api\1.2.1\jakarta.activation-api-1.2.1.jar;C:\Users\gvenkatesh\.m2\repository\com\sun\xml\bind\jaxb-osgi\2.3.0.1\jaxb-osgi-2.3.0.1.jar;C:\Users\gvenkatesh\.m2\repository\org\apache\sling\org.apache.sling.javax.activation\0.1.0\org.apache.sling.javax.activation-0.1.0.jar;C:\Users\gvenkatesh\.m2\repository\javax\activation\activation\1.1.1\activation-1.1.1.jar;C:\Users\gvenkatesh\.m2\repository\io\rest-assured\spring-commons\4.2.0\spring-commons-4.2.0.jar;C:\Users\gvenkatesh\.m2\repository\org\springframework\spring-test\4.3.23.RELEASE\spring-test-4.3.23.RELEASE.jar;C:\Users\gvenkatesh\.m2\repository\org\springframework\spring-core\4.3.23.RELEASE\spring-core-4.3.23.RELEASE.jar;C:\Users\gvenkatesh\.m2\repository\org\springframework\spring-webmvc\4.3.23.RELEASE\spring-webmvc-4.3.23.RELEASE.jar;C:\Users\gvenkatesh\.m2\repository\org\springframework\spring-aop\4.3.23.RELEASE\spring-aop-4.3.23.RELEASE.jar;C:\Users\gvenkatesh\.m2\repository\org\springframework\spring-beans\4.3.23.RELEASE\spring-beans-4.3.23.RELEASE.jar;C:\Users\gvenkatesh\.m2\repository\org\springframework\spring-context\4.3.23.RELEASE\spring-context-4.3.23.RELEASE.jar;C:\Users\gvenkatesh\.m2\repository\org\springframework\spring-expression\4.3.23.RELEASE\spring-expression-4.3.23.RELEASE.jar;C:\Users\gvenkatesh\.m2\repository\org\springframework\spring-web\4.3.23.RELEASE\spring-web-4.3.23.RELEASE.jar;C:\Users\gvenkatesh\.m2\repository\org\testng\testng\6.9.8\testng-6.9.8.jar;C:\Users\gvenkatesh\.m2\repository\org\beanshell\bsh\2.0b4\bsh-2.0b4.jar;C:\Users\gvenkatesh\.m2\repository\com\beust\jcommander\1.48\jcommander-1.48.jar;C:\Users\gvenkatesh\.m2\repository\com\googlecode\json-simple\json-simple\1.1.1\json-simple-1.1.1.jar;C:\Users\gvenkatesh\.m2\repository\junit\junit\4.10\junit-4.10.jar;C:\Users\gvenkatesh\.m2\repository\org\hamcrest\hamcrest-core\1.1\hamcrest-core-1.1.jar;C:\Users\gvenkatesh\.m2\repository\com\aventstack\extentreports\3.1.5\extentreports-3.1.5.jar;C:\Users\gvenkatesh\.m2\repository\org\freemarker\freemarker\2.3.23\freemarker-2.3.23.jar;C:\Users\gvenkatesh\.m2\repository\org\mongodb\mongodb-driver\3.3.0\mongodb-driver-3.3.0.jar;C:\Users\gvenkatesh\.m2\repository\org\mongodb\bson\3.3.0\bson-3.3.0.jar;C:\Users\gvenkatesh\.m2\repository\org\mongodb\mongodb-driver-core\3.3.0\mongodb-driver-core-3.3.0.jar;C:\Users\gvenkatesh\.m2\repository\org\apache\httpcomponents\httpclient\4.5.2\httpclient-4.5.2.jar;C:\Users\gvenkatesh\.m2\repository\org\apache\httpcomponents\httpcore\4.4.4\httpcore-4.4.4.jar;C:\Users\gvenkatesh\.m2\repository\commons-logging\commons-logging\1.2\commons-logging-1.2.jar;C:\Users\gvenkatesh\.m2\repository\org\apache\httpcomponents\httpmime\4.5.2\httpmime-4.5.2.jar;C:\Users\gvenkatesh\.m2\repository\org\jsoup\jsoup\1.9.2\jsoup-1.9.2.jar;C:\Users\gvenkatesh\.m2\repository\com\google\code\gson\gson\2.8.0\gson-2.8.0.jar;C:\Users\gvenkatesh\.m2\repository\commons-net\commons-net\3.6\commons-net-3.6.jar;C:\Users\gvenkatesh\.m2\repository\org\apache\poi\poi\4.1.1\poi-4.1.1.jar;C:\Users\gvenkatesh\.m2\repository\commons-codec\commons-codec\1.13\commons-codec-1.13.jar;C:\Users\gvenkatesh\.m2\repository\org\apache\commons\commons-collections4\4.4\commons-collections4-4.4.jar;C:\Users\gvenkatesh\.m2\repository\org\apache\commons\commons-math3\3.6.1\commons-math3-3.6.1.jar;C:\Users\gvenkatesh\.m2\repository\org\apache\poi\poi-ooxml\4.1.1\poi-ooxml-4.1.1.jar;C:\Users\gvenkatesh\.m2\repository\org\apache\commons\commons-compress\1.19\commons-compress-1.19.jar;C:\Users\gvenkatesh\.m2\repository\com\github\virtuald\curvesapi\1.06\curvesapi-1.06.jar;C:\Users\gvenkatesh\.m2\repository\org\apache\poi\poi-ooxml-schemas\4.1.1\poi-ooxml-schemas-4.1.1.jar;C:\Users\gvenkatesh\.m2\repository\org\apache\xmlbeans\xmlbeans\3.1.0\xmlbeans-3.1.0.jar;"/>
    <property name="sun.cpu.endian" value="little"/>
    <property name="user.home" value="C:\Users\gvenkatesh"/>
    <property name="user.language" value="en"/>
    <property name="java.specification.vendor" value="Oracle Corporation"/>
    <property name="java.version.date" value="2019-10-15"/>
    <property name="java.home" value="C:\Program Files\JetBrains\IntelliJ IDEA Community Edition 2019.2.2\jbr"/>
    <property name="file.separator" value="\"/>
    <property name="basedir" value="C:\Projects\Project X\ApiAutomation"/>
    <property name="java.vm.compressedOopsMode" value="32-bit"/>
    <property name="line.separator" value="&#10;"/>
    <property name="java.specification.name" value="Java Platform API Specification"/>
    <property name="java.vm.specification.vendor" value="Oracle Corporation"/>
    <property name="java.awt.graphicsenv" value="sun.awt.Win32GraphicsEnvironment"/>
    <property name="surefire.real.class.path" value="C:\Users\gvenkatesh\AppData\Local\Temp\surefire6050317555900363947\surefirebooter3101845370005591388.jar"/>
    <property name="user.script" value=""/>
    <property name="sun.management.compiler" value="HotSpot 64-Bit Tiered Compilers"/>
    <property name="java.runtime.version" value="11.0.5+10-b520.38"/>
    <property name="user.name" value="gvenkatesh"/>
    <property name="path.separator" value=";"/>
    <property name="os.version" value="10.0"/>
    <property name="java.runtime.name" value="OpenJDK Runtime Environment"/>
    <property name="file.encoding" value="Cp1252"/>
    <property name="java.vm.name" value="OpenJDK 64-Bit Server VM"/>
    <property name="localRepository" value="C:\Users\gvenkatesh\.m2\repository"/>
    <property name="java.vendor.url.bug" value="https://youtrack.jetbrains.com"/>
    <property name="java.io.tmpdir" value="C:\Users\GVENKA~1\AppData\Local\Temp\"/>
    <property name="java.version" value="11.0.5"/>
    <property name="user.dir" value="C:\Projects\Project X\ApiAutomation"/>
    <property name="os.arch" value="amd64"/>
    <property name="java.vm.specification.name" value="Java Virtual Machine Specification"/>
    <property name="java.awt.printerjob" value="sun.awt.windows.WPrinterJob"/>
    <property name="sun.os.patch.level" value=""/>
    <property name="idea.version2019.3.3" value="true"/>
    <property name="java.library.path" value="C:\Program Files\JetBrains\IntelliJ IDEA Community Edition 2019.2.2\jbr\bin;C:\WINDOWS\Sun\Java\bin;C:\WINDOWS\system32;C:\WINDOWS;C:\Program Files (x86)\Common Files\Oracle\Java\javapath;C:\WINDOWS\system32;C:\WINDOWS;C:\WINDOWS\System32\Wbem;C:\WINDOWS\System32\WindowsPowerShell\v1.0\;C:\WINDOWS\System32\OpenSSH\;C:\Program Files\dotnet\;C:\Program Files\Microsoft SQL Server\130\Tools\Binn\;C:\Program Files\Microsoft SQL Server\Client SDK\ODBC\170\Tools\Binn\;C:\Program Files\Microsoft\Web Platform Installer\;C:\Program Files\nodejs\;C:\Program Files\Git\cmd;C:\ProgramData\chocolatey\bin;C:\ProgramData\chocolatey\lib\maven\apache-maven-3.6.2\bin;%JAVA_HOME%\bin;C:\Users\gvenkatesh\AppData\Local\Microsoft\WindowsApps;C:\Users\gvenkatesh\AppData\Roaming\npm;C:\Users\gvenkatesh\Downloads\apache-jmeter-5.1.1\apache-jmeter-5.1.1\bin;;."/>
    <property name="java.vendor" value="JetBrains s.r.o"/>
    <property name="java.vm.info" value="mixed mode"/>
    <property name="java.vm.version" value="11.0.5+10-b520.38"/>
    <property name="sun.io.unicode.encoding" value="UnicodeLittle"/>
    <property name="java.class.version" value="55.0"/>
  </properties>
  <testcase name="CreateContactActivatedAndValidated" classname="com.api.tests.Address" time="10.592"/>
  <testcase name="CreateAddress" classname="com.api.tests.Address" time="2.766"/>
  <testcase name="RetrieveAddresses" classname="com.api.tests.Address" time="0.932"/>
  <testcase name="UpdateAddress" classname="com.api.tests.Address" time="1.818"/>
  <testcase name="DeactivateAddress" classname="com.api.tests.Address" time="2.304"/>
  <testcase name="CreateContactActivatedAndValidated" classname="com.api.tests.Contact" time="4.356"/>
  <testcase name="UpdateContact" classname="com.api.tests.Contact" time="3.378"/>
  <testcase name="RetrieveContact" classname="com.api.tests.Contact" time="0.769"/>
  <testcase name="CheckContactExists" classname="com.api.tests.Contact" time="0.554"/>
  <testcase name="CreateContactActivatedAndValidated" classname="com.api.tests.CPD" time="2.697"/>
  <testcase name="RetrieveCpdActivitiesByDiaryId" classname="com.api.tests.CPD" time="0.929"/>
  <testcase name="RetrieveCpdActivityById" classname="com.api.tests.CPD" time="0.753"/>
  <testcase name="RetrieveCpdDiaries" classname="com.api.tests.CPD" time="0.825"/>
  <testcase name="RetrieveCpdDiaryById" classname="com.api.tests.CPD" time="0.801"/>
  <testcase name="CreateCpdActivity" classname="com.api.tests.CPD" time="1.908"/>
  <testcase name="CreateCpdDiary" classname="com.api.tests.CPD" time="1.602"/>
  <testcase name="UpdateCpdActivity" classname="com.api.tests.CPD" time="0.645">
    <failure message="expected [true] but found [false]" type="java.lang.AssertionError"><![CDATA[java.lang.AssertionError: expected [true] but found [false]
	at com.api.tests.CPD.UpdateCpdActivity(CPD.java:164)
]]></failure>
  </testcase>
  <testcase name="DeleteCpdActivity" classname="com.api.tests.CPD" time="1.635"/>
  <testcase name="CreateContactActivatedAndValidated" classname="com.api.tests.Dialogs" time="3.759"/>
  <testcase name="CreateDirectDebitMandate" classname="com.api.tests.Dialogs" time="2.648"/>
  <testcase name="CreateTransactionAllInOne" classname="com.api.tests.Dialogs" time="2.757">
    <failure message="expected [true] but found [false]" type="java.lang.AssertionError"><![CDATA[java.lang.AssertionError: expected [true] but found [false]
	at com.api.tests.Dialogs.CreateTransactionAllInOne(Dialogs.java:138)
]]></failure>
  </testcase>
  <testcase name="ExecuteMembershipBatch" classname="com.api.tests.Dialogs" time="1.14">
    <failure message="expected [200] but found [400]" type="java.lang.AssertionError"><![CDATA[java.lang.AssertionError: expected [200] but found [400]
	at com.api.tests.Dialogs.ExecuteMembershipBatch(Dialogs.java:155)
]]></failure>
  </testcase>
  <testcase name="GetTransactionForMembership" classname="com.api.tests.Dialogs" time="5.181"/>
  <testcase name="CreateMembershipFromDialog" classname="com.api.tests.Dialogs" time="8.147"/>
  <testcase name="PayMultipleTransactions" classname="com.api.tests.Dialogs" time="0.281">
    <failure message="expected [true] but found [false]" type="java.lang.AssertionError"><![CDATA[java.lang.AssertionError: expected [true] but found [false]
	at com.api.tests.Dialogs.PayMultipleTransactions(Dialogs.java:209)
]]></failure>
  </testcase>
  <testcase name="ProcessDonation" classname="com.api.tests.Dialogs" time="7.405"/>
  <testcase name="CreateContactActivatedAndValidated" classname="com.api.tests.Event" time="2.717"/>
  <testcase name="CreateBookings" classname="com.api.tests.Event" time="18.616"/>
  <testcase name="CreateContactActivatedAndValidated" classname="com.api.tests.FundRaising" time="2.698"/>
  <testcase name="CreateDonation" classname="com.api.tests.FundRaising" time="2.286"/>
  <testcase name="CreateFundraisingDonation" classname="com.api.tests.FundRaising" time="7.018"/>
  <testcase name="UpdateDonation" classname="com.api.tests.FundRaising" time="0.819"/>
  <testcase name="CreateDonationDebitTransaction" classname="com.api.tests.FundRaising" time="2.841"/>
  <testcase name="CreateDonationPaymentPlan" classname="com.api.tests.FundRaising" time="2.823">
    <failure message="expected [true] but found [false]" type="java.lang.AssertionError"><![CDATA[java.lang.AssertionError: expected [true] but found [false]
	at com.api.tests.FundRaising.CreateDonationPaymentPlan(FundRaising.java:185)
]]></failure>
  </testcase>
  <testcase name="CreateContactActivatedAndValidated" classname="com.api.tests.GenericCRM" time="2.606"/>
  <testcase name="GetAllContactRoles" classname="com.api.tests.GenericCRM" time="1.528"/>
  <testcase name="LogMemberValue" classname="com.api.tests.GenericCRM" time="2.052"/>
  <testcase name="PayTransaction" classname="com.api.tests.GenericCRM" time="0.913">
    <failure message="expected [true] but found [false]" type="java.lang.AssertionError"><![CDATA[java.lang.AssertionError: expected [true] but found [false]
	at com.api.tests.GenericCRM.PayTransaction(GenericCRM.java:303)
]]></failure>
  </testcase>
  <testcase name="RetrieveAllBranches" classname="com.api.tests.GenericCRM" time="0.592"/>
  <testcase name="RetrieveAllPeriods" classname="com.api.tests.GenericCRM" time="0.773"/>
  <testcase name="RetrieveCounties" classname="com.api.tests.GenericCRM" time="0.651"/>
  <testcase name="RetrieveCountries" classname="com.api.tests.GenericCRM" time="0.698"/>
  <testcase name="RetrieveEntities" classname="com.api.tests.GenericCRM" time="4.077"/>
  <testcase name="RetrieveMultiplesOptionsSet" classname="com.api.tests.GenericCRM" time="1.221"/>
  <testcase name="RetrieveOptionSet" classname="com.api.tests.GenericCRM" time="0.646"/>
  <testcase name="GetContactRolesByContactId" classname="com.api.tests.GenericCRM" time="0.769"/>
  <testcase name="CreateContactActivatedAndValidated" classname="com.api.tests.GiftAid" time="2.775"/>
  <testcase name="ProcessGiftAidBatch" classname="com.api.tests.GiftAid" time="2.911">
    <failure message="expected [true] but found [false]" type="java.lang.AssertionError"><![CDATA[java.lang.AssertionError: expected [true] but found [false]
	at com.api.tests.GiftAid.ProcessGiftAidBatch(GiftAid.java:71)
]]></failure>
  </testcase>
  <testcase name="CreateGiftAidDeclaration" classname="com.api.tests.GiftAid" time="1.326"/>
  <testcase name="ApplyMembershipDiscountCodeForWeb" classname="com.api.tests.Membership" time="0.657">
    <failure message="expected [true] but found [false]" type="java.lang.AssertionError"><![CDATA[java.lang.AssertionError: expected [true] but found [false]
	at com.api.tests.Membership.ApplyMembershipDiscountCodeForWeb(Membership.java:205)
]]></failure>
  </testcase>
  <testcase name="CreateContactActivatedAndValidated" classname="com.api.tests.Membership" time="2.669"/>
  <testcase name="RetrieveActiveMembershipsByContactId" classname="com.api.tests.Membership" time="3.394"/>
  <testcase name="RetrieveAllMembershipTypes" classname="com.api.tests.Membership" time="1.079"/>
  <testcase name="RetrieveAllMembershipsByContactId" classname="com.api.tests.Membership" time="2.427"/>
  <testcase name="RetrieveAllMethodsOfPayment" classname="com.api.tests.Membership" time="0.626"/>
  <testcase name="RetrieveMembershipBands" classname="com.api.tests.Membership" time="0.78"/>
  <testcase name="RetrieveMembershipGradesByTypeId" classname="com.api.tests.Membership" time="8.64"/>
  <testcase name="RetrieveMembershipTransactions" classname="com.api.tests.Membership" time="3.503"/>
  <testcase name="RetrieveValidMembershipDiscountCodeForWeb" classname="com.api.tests.Membership" time="0.595">
    <failure message="expected [true] but found [false]" type="java.lang.AssertionError"><![CDATA[java.lang.AssertionError: expected [true] but found [false]
	at com.api.tests.Membership.RetrieveValidMembershipDiscountCodeForWeb(Membership.java:182)
]]></failure>
  </testcase>
  <testcase name="CreateFundraisingMembership" classname="com.api.tests.Membership" time="22.273">
    <failure message="expected [true] but found [false]" type="java.lang.AssertionError"><![CDATA[java.lang.AssertionError: expected [true] but found [false]
	at com.api.tests.Membership.CreateFundraisingMembership(Membership.java:300)
]]></failure>
  </testcase>
  <testcase name="CreateMembership" classname="com.api.tests.Membership" time="3.048"/>
  <testcase name="CreateGenericMembershipTransaction" classname="com.api.tests.Membership" time="3.919"/>
  <testcase name="CreateMembershipTransactionAndDirectDebit" classname="com.api.tests.Membership" time="15.565"/>
  <testcase name="CreateMembershipTransactionAndProcessPayment" classname="com.api.tests.Membership" time="9.334"/>
  <testcase name="CreateMembershipTransactionsAsInvoice" classname="com.api.tests.Membership" time="9.119"/>
  <testcase name="CreateMultipleMembershipInvoiceTransaction" classname="com.api.tests.Membership" time="3.119">
    <failure message="expected [true] but found [false]" type="java.lang.AssertionError"><![CDATA[java.lang.AssertionError: expected [true] but found [false]
	at com.api.tests.Membership.CreateMultipleMembershipInvoiceTransaction(Membership.java:481)
]]></failure>
  </testcase>
  <testcase name="LapseMembership" classname="com.api.tests.Membership" time="1.775"/>
  <testcase name="UpgradeMembership" classname="com.api.tests.Membership" time="13.038"/>
  <testcase name="RetrieveOrganisationsByName" classname="com.api.tests.Account" time="0.719"/>
  <testcase name="UpdateOrganisation" classname="com.api.tests.Account" time="1.222"/>
</testsuite>