<?xml version="1.0" encoding="UTF-8"?>
<!-- Generated by org.testng.reporters.JUnitReportReporter -->
<testsuite hostname="DESKTOP-QK7P72A" failures="0" tests="2" name="com.api.tests.Event" time="21.333" errors="0" timestamp="2 Mar 2020 13:46:43 GMT">
  <testcase classname="com.api.tests.Event" name="CreateContactActivatedAndValidated" time="2.718"/>
  <testcase classname="com.api.tests.Event" name="CreateBookings" time="18.615"/>
</testsuite> <!-- com.api.tests.Event -->
