<?xml version="1.0" encoding="UTF-8"?>
<!-- Generated by org.testng.reporters.JUnitReportReporter -->
<testsuite hostname="DESKTOP-QK7P72A" failures="0" tests="4" name="com.api.tests.Contact" time="9.063" errors="0" timestamp="2 Mar 2020 13:46:43 GMT">
  <testcase classname="com.api.tests.Contact" name="UpdateContact" time="3.379"/>
  <testcase classname="com.api.tests.Contact" name="RetrieveContact" time="0.770"/>
  <testcase classname="com.api.tests.Contact" name="CreateContactActivatedAndValidated" time="4.359"/>
  <testcase classname="com.api.tests.Contact" name="CheckContactExists" time="0.555"/>
</testsuite> <!-- com.api.tests.Contact -->
