<?xml version="1.0" encoding="UTF-8"?>
<!-- Generated by org.testng.reporters.JUnitReportReporter -->
<testsuite hostname="DESKTOP-QK7P72A" failures="0" tests="2" name="com.api.tests.Account" time="1.942" errors="0" timestamp="2 Mar 2020 13:46:43 GMT">
  <testcase classname="com.api.tests.Account" name="RetrieveOrganisationsByName" time="0.719"/>
  <testcase classname="com.api.tests.Account" name="UpdateOrganisation" time="1.223"/>
</testsuite> <!-- com.api.tests.Account -->
