<?xml version="1.0" encoding="UTF-8"?>
<!-- Generated by org.testng.reporters.JUnitReportReporter -->
<testsuite hostname="DESKTOP-QK7P72A" failures="0" tests="5" name="com.api.tests.Address" time="18.411" errors="0" timestamp="2 Mar 2020 13:46:43 GMT">
  <testcase classname="com.api.tests.Address" name="UpdateAddress" time="1.817"/>
  <testcase classname="com.api.tests.Address" name="DeactivateAddress" time="2.304"/>
  <testcase classname="com.api.tests.Address" name="CreateContactActivatedAndValidated" time="10.590"/>
  <testcase classname="com.api.tests.Address" name="CreateAddress" time="2.766"/>
  <testcase classname="com.api.tests.Address" name="RetrieveAddresses" time="0.934"/>
</testsuite> <!-- com.api.tests.Address -->
